[35m[1mScanning dependencies of target _cw3_world_spawner_generate_messages_check_deps_Task2Service[0m
[  0%] Built target _cw3_world_spawner_generate_messages_check_deps_Task2Service
[35m[1mScanning dependencies of target _cw3_world_spawner_generate_messages_check_deps_Task1Service[0m
[  0%] Built target _cw3_world_spawner_generate_messages_check_deps_Task1Service
[35m[1mScanning dependencies of target _cw3_world_spawner_generate_messages_check_deps_TaskSetup[0m
[  0%] Built target _cw3_world_spawner_generate_messages_check_deps_TaskSetup
[35m[1mScanning dependencies of target _cw3_world_spawner_generate_messages_check_deps_Task3Service[0m
[  0%] Built target _cw3_world_spawner_generate_messages_check_deps_Task3Service
[35m[1mScanning dependencies of target std_msgs_generate_messages_lisp[0m
[  0%] Built target std_msgs_generate_messages_lisp
[35m[1mScanning dependencies of target geometry_msgs_generate_messages_lisp[0m
[  0%] Built target geometry_msgs_generate_messages_lisp
[35m[1mScanning dependencies of target geometry_msgs_generate_messages_eus[0m
[  0%] Built target geometry_msgs_generate_messages_eus
[35m[1mScanning dependencies of target std_msgs_generate_messages_eus[0m
[  0%] Built target std_msgs_generate_messages_eus
[35m[1mScanning dependencies of target std_msgs_generate_messages_py[0m
[  0%] Built target std_msgs_generate_messages_py
[35m[1mScanning dependencies of target geometry_msgs_generate_messages_py[0m
[  0%] Built target geometry_msgs_generate_messages_py
[35m[1mScanning dependencies of target geometry_msgs_generate_messages_nodejs[0m
[  0%] Built target geometry_msgs_generate_messages_nodejs
[35m[1mScanning dependencies of target std_msgs_generate_messages_nodejs[0m
[  0%] Built target std_msgs_generate_messages_nodejs
[35m[1mScanning dependencies of target std_msgs_generate_messages_cpp[0m
[  0%] Built target std_msgs_generate_messages_cpp
[35m[1mScanning dependencies of target geometry_msgs_generate_messages_cpp[0m
[  0%] Built target geometry_msgs_generate_messages_cpp
[35m[1mScanning dependencies of target cw3_world_spawner_generate_messages_lisp[0m
[  4%] [34m[1mGenerating Lisp code from cw3_world_spawner/TaskSetup.srv[0m
[  9%] [34m[1mGenerating Lisp code from cw3_world_spawner/Task1Service.srv[0m
[ 13%] [34m[1mGenerating Lisp code from cw3_world_spawner/Task2Service.srv[0m
[ 18%] [34m[1mGenerating Lisp code from cw3_world_spawner/Task3Service.srv[0m
[ 18%] Built target cw3_world_spawner_generate_messages_lisp
[35m[1mScanning dependencies of target cw3_world_spawner_generate_messages_eus[0m
[ 22%] [34m[1mGenerating EusLisp code from cw3_world_spawner/TaskSetup.srv[0m
[ 27%] [34m[1mGenerating EusLisp code from cw3_world_spawner/Task1Service.srv[0m
[ 31%] [34m[1mGenerating EusLisp code from cw3_world_spawner/Task2Service.srv[0m
[ 36%] [34m[1mGenerating EusLisp code from cw3_world_spawner/Task3Service.srv[0m
[ 40%] [34m[1mGenerating EusLisp manifest code for cw3_world_spawner[0m
[ 40%] Built target cw3_world_spawner_generate_messages_eus
[35m[1mScanning dependencies of target cw3_world_spawner_generate_messages_py[0m
[ 45%] [34m[1mGenerating Python code from SRV cw3_world_spawner/TaskSetup[0m
[ 50%] [34m[1mGenerating Python code from SRV cw3_world_spawner/Task1Service[0m
[ 54%] [34m[1mGenerating Python code from SRV cw3_world_spawner/Task2Service[0m
[ 59%] [34m[1mGenerating Python code from SRV cw3_world_spawner/Task3Service[0m
[ 63%] [34m[1mGenerating Python srv __init__.py for cw3_world_spawner[0m
[ 63%] Built target cw3_world_spawner_generate_messages_py
[35m[1mScanning dependencies of target cw3_world_spawner_generate_messages_nodejs[0m
[ 68%] [34m[1mGenerating Javascript code from cw3_world_spawner/TaskSetup.srv[0m
[ 72%] [34m[1mGenerating Javascript code from cw3_world_spawner/Task1Service.srv[0m
[ 77%] [34m[1mGenerating Javascript code from cw3_world_spawner/Task2Service.srv[0m
[ 81%] [34m[1mGenerating Javascript code from cw3_world_spawner/Task3Service.srv[0m
[ 81%] Built target cw3_world_spawner_generate_messages_nodejs
[35m[1mScanning dependencies of target cw3_world_spawner_generate_messages_cpp[0m
[ 86%] [34m[1mGenerating C++ code from cw3_world_spawner/TaskSetup.srv[0m
[ 90%] [34m[1mGenerating C++ code from cw3_world_spawner/Task1Service.srv[0m
[ 95%] [34m[1mGenerating C++ code from cw3_world_spawner/Task2Service.srv[0m
[100%] [34m[1mGenerating C++ code from cw3_world_spawner/Task3Service.srv[0m
[100%] Built target cw3_world_spawner_generate_messages_cpp
[35m[1mScanning dependencies of target cw3_world_spawner_generate_messages[0m
[100%] Built target cw3_world_spawner_generate_messages
