Linked: (/home/bruce/catkin_ws/devel/.private/cw3_world_spawner/lib/pkgconfig/cw3_world_spawner.pc, /home/bruce/catkin_ws/devel/lib/pkgconfig/cw3_world_spawner.pc)
Linked: (/home/bruce/catkin_ws/devel/.private/cw3_world_spawner/lib/python3/dist-packages/cw3_world_spawner/__init__.py, /home/bruce/catkin_ws/devel/lib/python3/dist-packages/cw3_world_spawner/__init__.py)
Linked: (/home/bruce/catkin_ws/devel/.private/cw3_world_spawner/lib/python3/dist-packages/cw3_world_spawner/srv/_Task1Service.py, /home/bruce/catkin_ws/devel/lib/python3/dist-packages/cw3_world_spawner/srv/_Task1Service.py)
Linked: (/home/bruce/catkin_ws/devel/.private/cw3_world_spawner/lib/python3/dist-packages/cw3_world_spawner/srv/__init__.py, /home/bruce/catkin_ws/devel/lib/python3/dist-packages/cw3_world_spawner/srv/__init__.py)
Linked: (/home/bruce/catkin_ws/devel/.private/cw3_world_spawner/lib/python3/dist-packages/cw3_world_spawner/srv/_TaskSetup.py, /home/bruce/catkin_ws/devel/lib/python3/dist-packages/cw3_world_spawner/srv/_TaskSetup.py)
Linked: (/home/bruce/catkin_ws/devel/.private/cw3_world_spawner/lib/python3/dist-packages/cw3_world_spawner/srv/_Task2Service.py, /home/bruce/catkin_ws/devel/lib/python3/dist-packages/cw3_world_spawner/srv/_Task2Service.py)
Linked: (/home/bruce/catkin_ws/devel/.private/cw3_world_spawner/lib/python3/dist-packages/cw3_world_spawner/srv/_Task3Service.py, /home/bruce/catkin_ws/devel/lib/python3/dist-packages/cw3_world_spawner/srv/_Task3Service.py)
Linked: (/home/bruce/catkin_ws/devel/.private/cw3_world_spawner/lib/python3/dist-packages/cw3_world_spawner_lib/__init__.py, /home/bruce/catkin_ws/devel/lib/python3/dist-packages/cw3_world_spawner_lib/__init__.py)
Linked: (/home/bruce/catkin_ws/devel/.private/cw3_world_spawner/include/cw3_world_spawner/Task2ServiceResponse.h, /home/bruce/catkin_ws/devel/include/cw3_world_spawner/Task2ServiceResponse.h)
Linked: (/home/bruce/catkin_ws/devel/.private/cw3_world_spawner/include/cw3_world_spawner/Task3ServiceResponse.h, /home/bruce/catkin_ws/devel/include/cw3_world_spawner/Task3ServiceResponse.h)
Linked: (/home/bruce/catkin_ws/devel/.private/cw3_world_spawner/include/cw3_world_spawner/Task3Service.h, /home/bruce/catkin_ws/devel/include/cw3_world_spawner/Task3Service.h)
Linked: (/home/bruce/catkin_ws/devel/.private/cw3_world_spawner/include/cw3_world_spawner/Task3ServiceRequest.h, /home/bruce/catkin_ws/devel/include/cw3_world_spawner/Task3ServiceRequest.h)
Linked: (/home/bruce/catkin_ws/devel/.private/cw3_world_spawner/include/cw3_world_spawner/Task2ServiceRequest.h, /home/bruce/catkin_ws/devel/include/cw3_world_spawner/Task2ServiceRequest.h)
Linked: (/home/bruce/catkin_ws/devel/.private/cw3_world_spawner/include/cw3_world_spawner/Task1ServiceResponse.h, /home/bruce/catkin_ws/devel/include/cw3_world_spawner/Task1ServiceResponse.h)
Linked: (/home/bruce/catkin_ws/devel/.private/cw3_world_spawner/include/cw3_world_spawner/Task1ServiceRequest.h, /home/bruce/catkin_ws/devel/include/cw3_world_spawner/Task1ServiceRequest.h)
Linked: (/home/bruce/catkin_ws/devel/.private/cw3_world_spawner/include/cw3_world_spawner/TaskSetupResponse.h, /home/bruce/catkin_ws/devel/include/cw3_world_spawner/TaskSetupResponse.h)
Linked: (/home/bruce/catkin_ws/devel/.private/cw3_world_spawner/include/cw3_world_spawner/Task1Service.h, /home/bruce/catkin_ws/devel/include/cw3_world_spawner/Task1Service.h)
Linked: (/home/bruce/catkin_ws/devel/.private/cw3_world_spawner/include/cw3_world_spawner/Task2Service.h, /home/bruce/catkin_ws/devel/include/cw3_world_spawner/Task2Service.h)
Linked: (/home/bruce/catkin_ws/devel/.private/cw3_world_spawner/include/cw3_world_spawner/TaskSetupRequest.h, /home/bruce/catkin_ws/devel/include/cw3_world_spawner/TaskSetupRequest.h)
Linked: (/home/bruce/catkin_ws/devel/.private/cw3_world_spawner/include/cw3_world_spawner/TaskSetup.h, /home/bruce/catkin_ws/devel/include/cw3_world_spawner/TaskSetup.h)
Linked: (/home/bruce/catkin_ws/devel/.private/cw3_world_spawner/share/cw3_world_spawner/cmake/cw3_world_spawner-msg-extras.cmake, /home/bruce/catkin_ws/devel/share/cw3_world_spawner/cmake/cw3_world_spawner-msg-extras.cmake)
Linked: (/home/bruce/catkin_ws/devel/.private/cw3_world_spawner/share/cw3_world_spawner/cmake/cw3_world_spawnerConfig.cmake, /home/bruce/catkin_ws/devel/share/cw3_world_spawner/cmake/cw3_world_spawnerConfig.cmake)
Linked: (/home/bruce/catkin_ws/devel/.private/cw3_world_spawner/share/cw3_world_spawner/cmake/cw3_world_spawner-msg-paths.cmake, /home/bruce/catkin_ws/devel/share/cw3_world_spawner/cmake/cw3_world_spawner-msg-paths.cmake)
Linked: (/home/bruce/catkin_ws/devel/.private/cw3_world_spawner/share/cw3_world_spawner/cmake/cw3_world_spawnerConfig-version.cmake, /home/bruce/catkin_ws/devel/share/cw3_world_spawner/cmake/cw3_world_spawnerConfig-version.cmake)
Linked: (/home/bruce/catkin_ws/devel/.private/cw3_world_spawner/share/roseus/ros/cw3_world_spawner/manifest.l, /home/bruce/catkin_ws/devel/share/roseus/ros/cw3_world_spawner/manifest.l)
Linked: (/home/bruce/catkin_ws/devel/.private/cw3_world_spawner/share/roseus/ros/cw3_world_spawner/srv/Task2Service.l, /home/bruce/catkin_ws/devel/share/roseus/ros/cw3_world_spawner/srv/Task2Service.l)
Linked: (/home/bruce/catkin_ws/devel/.private/cw3_world_spawner/share/roseus/ros/cw3_world_spawner/srv/Task3Service.l, /home/bruce/catkin_ws/devel/share/roseus/ros/cw3_world_spawner/srv/Task3Service.l)
Linked: (/home/bruce/catkin_ws/devel/.private/cw3_world_spawner/share/roseus/ros/cw3_world_spawner/srv/Task1Service.l, /home/bruce/catkin_ws/devel/share/roseus/ros/cw3_world_spawner/srv/Task1Service.l)
Linked: (/home/bruce/catkin_ws/devel/.private/cw3_world_spawner/share/roseus/ros/cw3_world_spawner/srv/TaskSetup.l, /home/bruce/catkin_ws/devel/share/roseus/ros/cw3_world_spawner/srv/TaskSetup.l)
Linked: (/home/bruce/catkin_ws/devel/.private/cw3_world_spawner/share/gennodejs/ros/cw3_world_spawner/_index.js, /home/bruce/catkin_ws/devel/share/gennodejs/ros/cw3_world_spawner/_index.js)
Linked: (/home/bruce/catkin_ws/devel/.private/cw3_world_spawner/share/gennodejs/ros/cw3_world_spawner/srv/Task1Service.js, /home/bruce/catkin_ws/devel/share/gennodejs/ros/cw3_world_spawner/srv/Task1Service.js)
Linked: (/home/bruce/catkin_ws/devel/.private/cw3_world_spawner/share/gennodejs/ros/cw3_world_spawner/srv/Task3Service.js, /home/bruce/catkin_ws/devel/share/gennodejs/ros/cw3_world_spawner/srv/Task3Service.js)
Linked: (/home/bruce/catkin_ws/devel/.private/cw3_world_spawner/share/gennodejs/ros/cw3_world_spawner/srv/TaskSetup.js, /home/bruce/catkin_ws/devel/share/gennodejs/ros/cw3_world_spawner/srv/TaskSetup.js)
Linked: (/home/bruce/catkin_ws/devel/.private/cw3_world_spawner/share/gennodejs/ros/cw3_world_spawner/srv/Task2Service.js, /home/bruce/catkin_ws/devel/share/gennodejs/ros/cw3_world_spawner/srv/Task2Service.js)
Linked: (/home/bruce/catkin_ws/devel/.private/cw3_world_spawner/share/gennodejs/ros/cw3_world_spawner/srv/_index.js, /home/bruce/catkin_ws/devel/share/gennodejs/ros/cw3_world_spawner/srv/_index.js)
Linked: (/home/bruce/catkin_ws/devel/.private/cw3_world_spawner/share/common-lisp/ros/cw3_world_spawner/srv/_package_Task2Service.lisp, /home/bruce/catkin_ws/devel/share/common-lisp/ros/cw3_world_spawner/srv/_package_Task2Service.lisp)
Linked: (/home/bruce/catkin_ws/devel/.private/cw3_world_spawner/share/common-lisp/ros/cw3_world_spawner/srv/Task3Service.lisp, /home/bruce/catkin_ws/devel/share/common-lisp/ros/cw3_world_spawner/srv/Task3Service.lisp)
Linked: (/home/bruce/catkin_ws/devel/.private/cw3_world_spawner/share/common-lisp/ros/cw3_world_spawner/srv/TaskSetup.lisp, /home/bruce/catkin_ws/devel/share/common-lisp/ros/cw3_world_spawner/srv/TaskSetup.lisp)
Linked: (/home/bruce/catkin_ws/devel/.private/cw3_world_spawner/share/common-lisp/ros/cw3_world_spawner/srv/cw3_world_spawner-srv.asd, /home/bruce/catkin_ws/devel/share/common-lisp/ros/cw3_world_spawner/srv/cw3_world_spawner-srv.asd)
Linked: (/home/bruce/catkin_ws/devel/.private/cw3_world_spawner/share/common-lisp/ros/cw3_world_spawner/srv/_package_Task3Service.lisp, /home/bruce/catkin_ws/devel/share/common-lisp/ros/cw3_world_spawner/srv/_package_Task3Service.lisp)
Linked: (/home/bruce/catkin_ws/devel/.private/cw3_world_spawner/share/common-lisp/ros/cw3_world_spawner/srv/_package.lisp, /home/bruce/catkin_ws/devel/share/common-lisp/ros/cw3_world_spawner/srv/_package.lisp)
Linked: (/home/bruce/catkin_ws/devel/.private/cw3_world_spawner/share/common-lisp/ros/cw3_world_spawner/srv/_package_Task1Service.lisp, /home/bruce/catkin_ws/devel/share/common-lisp/ros/cw3_world_spawner/srv/_package_Task1Service.lisp)
Linked: (/home/bruce/catkin_ws/devel/.private/cw3_world_spawner/share/common-lisp/ros/cw3_world_spawner/srv/_package_TaskSetup.lisp, /home/bruce/catkin_ws/devel/share/common-lisp/ros/cw3_world_spawner/srv/_package_TaskSetup.lisp)
Linked: (/home/bruce/catkin_ws/devel/.private/cw3_world_spawner/share/common-lisp/ros/cw3_world_spawner/srv/Task2Service.lisp, /home/bruce/catkin_ws/devel/share/common-lisp/ros/cw3_world_spawner/srv/Task2Service.lisp)
Linked: (/home/bruce/catkin_ws/devel/.private/cw3_world_spawner/share/common-lisp/ros/cw3_world_spawner/srv/Task1Service.lisp, /home/bruce/catkin_ws/devel/share/common-lisp/ros/cw3_world_spawner/srv/Task1Service.lisp)
