Symlinking /home/bruce/catkin_ws/devel/lib/pkgconfig/cw3_world_spawner.pc
Symlinking /home/bruce/catkin_ws/devel/lib/python3/dist-packages/cw3_world_spawner/__init__.py
Symlinking /home/bruce/catkin_ws/devel/lib/python3/dist-packages/cw3_world_spawner/srv/_Task1Service.py
Symlinking /home/bruce/catkin_ws/devel/lib/python3/dist-packages/cw3_world_spawner/srv/__init__.py
Symlinking /home/bruce/catkin_ws/devel/lib/python3/dist-packages/cw3_world_spawner/srv/_TaskSetup.py
Symlinking /home/bruce/catkin_ws/devel/lib/python3/dist-packages/cw3_world_spawner/srv/_Task2Service.py
Symlinking /home/bruce/catkin_ws/devel/lib/python3/dist-packages/cw3_world_spawner/srv/_Task3Service.py
Symlinking /home/bruce/catkin_ws/devel/lib/python3/dist-packages/cw3_world_spawner_lib/__init__.py
Symlinking /home/bruce/catkin_ws/devel/include/cw3_world_spawner/Task2ServiceResponse.h
Symlinking /home/bruce/catkin_ws/devel/include/cw3_world_spawner/Task3ServiceResponse.h
Symlinking /home/bruce/catkin_ws/devel/include/cw3_world_spawner/Task3Service.h
Symlinking /home/bruce/catkin_ws/devel/include/cw3_world_spawner/Task3ServiceRequest.h
Symlinking /home/bruce/catkin_ws/devel/include/cw3_world_spawner/Task2ServiceRequest.h
Symlinking /home/bruce/catkin_ws/devel/include/cw3_world_spawner/Task1ServiceResponse.h
Symlinking /home/bruce/catkin_ws/devel/include/cw3_world_spawner/Task1ServiceRequest.h
Symlinking /home/bruce/catkin_ws/devel/include/cw3_world_spawner/TaskSetupResponse.h
Symlinking /home/bruce/catkin_ws/devel/include/cw3_world_spawner/Task1Service.h
Symlinking /home/bruce/catkin_ws/devel/include/cw3_world_spawner/Task2Service.h
Symlinking /home/bruce/catkin_ws/devel/include/cw3_world_spawner/TaskSetupRequest.h
Symlinking /home/bruce/catkin_ws/devel/include/cw3_world_spawner/TaskSetup.h
Symlinking /home/bruce/catkin_ws/devel/share/cw3_world_spawner/cmake/cw3_world_spawner-msg-extras.cmake
Symlinking /home/bruce/catkin_ws/devel/share/cw3_world_spawner/cmake/cw3_world_spawnerConfig.cmake
Symlinking /home/bruce/catkin_ws/devel/share/cw3_world_spawner/cmake/cw3_world_spawner-msg-paths.cmake
Symlinking /home/bruce/catkin_ws/devel/share/cw3_world_spawner/cmake/cw3_world_spawnerConfig-version.cmake
Symlinking /home/bruce/catkin_ws/devel/share/roseus/ros/cw3_world_spawner/manifest.l
Symlinking /home/bruce/catkin_ws/devel/share/roseus/ros/cw3_world_spawner/srv/Task2Service.l
Symlinking /home/bruce/catkin_ws/devel/share/roseus/ros/cw3_world_spawner/srv/Task3Service.l
Symlinking /home/bruce/catkin_ws/devel/share/roseus/ros/cw3_world_spawner/srv/Task1Service.l
Symlinking /home/bruce/catkin_ws/devel/share/roseus/ros/cw3_world_spawner/srv/TaskSetup.l
Symlinking /home/bruce/catkin_ws/devel/share/gennodejs/ros/cw3_world_spawner/_index.js
Symlinking /home/bruce/catkin_ws/devel/share/gennodejs/ros/cw3_world_spawner/srv/Task1Service.js
Symlinking /home/bruce/catkin_ws/devel/share/gennodejs/ros/cw3_world_spawner/srv/Task3Service.js
Symlinking /home/bruce/catkin_ws/devel/share/gennodejs/ros/cw3_world_spawner/srv/TaskSetup.js
Symlinking /home/bruce/catkin_ws/devel/share/gennodejs/ros/cw3_world_spawner/srv/Task2Service.js
Symlinking /home/bruce/catkin_ws/devel/share/gennodejs/ros/cw3_world_spawner/srv/_index.js
Symlinking /home/bruce/catkin_ws/devel/share/common-lisp/ros/cw3_world_spawner/srv/_package_Task2Service.lisp
Symlinking /home/bruce/catkin_ws/devel/share/common-lisp/ros/cw3_world_spawner/srv/Task3Service.lisp
Symlinking /home/bruce/catkin_ws/devel/share/common-lisp/ros/cw3_world_spawner/srv/TaskSetup.lisp
Symlinking /home/bruce/catkin_ws/devel/share/common-lisp/ros/cw3_world_spawner/srv/cw3_world_spawner-srv.asd
Symlinking /home/bruce/catkin_ws/devel/share/common-lisp/ros/cw3_world_spawner/srv/_package_Task3Service.lisp
Symlinking /home/bruce/catkin_ws/devel/share/common-lisp/ros/cw3_world_spawner/srv/_package.lisp
Symlinking /home/bruce/catkin_ws/devel/share/common-lisp/ros/cw3_world_spawner/srv/_package_Task1Service.lisp
Symlinking /home/bruce/catkin_ws/devel/share/common-lisp/ros/cw3_world_spawner/srv/_package_TaskSetup.lisp
Symlinking /home/bruce/catkin_ws/devel/share/common-lisp/ros/cw3_world_spawner/srv/Task2Service.lisp
Symlinking /home/bruce/catkin_ws/devel/share/common-lisp/ros/cw3_world_spawner/srv/Task1Service.lisp
