[  0%] Built target moveit_msgs_generate_messages_cpp
[  0%] Built target _moveit_tutorial_generate_messages_check_deps_set_arm
[  0%] Built target _moveit_tutorial_generate_messages_check_deps_set_gripper
[  0%] Built target std_msgs_generate_messages_py
[  0%] Built target _moveit_tutorial_generate_messages_check_deps_add_collision
[  0%] Built target geometry_msgs_generate_messages_py
[  0%] Built target std_msgs_generate_messages_nodejs
[  0%] Built target geometry_msgs_generate_messages_nodejs
[  0%] Built target std_msgs_generate_messages_lisp
[  0%] Built target geometry_msgs_generate_messages_lisp
[  0%] Built target std_srvs_generate_messages_nodejs
[  0%] Built target std_srvs_generate_messages_lisp
[  0%] Built target std_srvs_generate_messages_eus
[  0%] Built target tf_generate_messages_nodejs
[  0%] Built target tf_generate_messages_lisp
[  0%] Built target std_msgs_generate_messages_cpp
[  0%] Built target geometry_msgs_generate_messages_cpp
[  0%] Built target tf_generate_messages_cpp
[  0%] Built target tf2_msgs_generate_messages_lisp
[  0%] Built target octomap_msgs_generate_messages_py
[  0%] Built target octomap_msgs_generate_messages_nodejs
[  0%] Built target octomap_msgs_generate_messages_lisp
[  0%] Built target octomap_msgs_generate_messages_cpp
[  0%] Built target object_recognition_msgs_generate_messages_nodejs
[  0%] Built target object_recognition_msgs_generate_messages_lisp
[  0%] Built target object_recognition_msgs_generate_messages_eus
[  0%] Built target octomap_msgs_generate_messages_eus
[  0%] Built target object_recognition_msgs_generate_messages_cpp
[  0%] Built target trajectory_msgs_generate_messages_nodejs
[  0%] Built target trajectory_msgs_generate_messages_cpp
[  0%] Built target tf2_msgs_generate_messages_eus
[  0%] Built target sensor_msgs_generate_messages_py
[  0%] Built target sensor_msgs_generate_messages_nodejs
[  0%] Built target actionlib_msgs_generate_messages_cpp
[  0%] Built target geometry_msgs_generate_messages_eus
[  0%] Built target std_msgs_generate_messages_eus
[  0%] Built target object_recognition_msgs_generate_messages_py
[  0%] Built target rosgraph_msgs_generate_messages_nodejs
[  0%] Built target actionlib_generate_messages_cpp
[  0%] Built target actionlib_msgs_generate_messages_py
[  0%] Built target actionlib_generate_messages_lisp
[  0%] Built target roscpp_generate_messages_lisp
[  0%] Built target moveit_ros_manipulation_gencfg
[  0%] Built target shape_msgs_generate_messages_cpp
[  0%] Built target tf2_msgs_generate_messages_nodejs
[  0%] Built target moveit_msgs_generate_messages_lisp
[  0%] Built target std_srvs_generate_messages_cpp
[  0%] Built target tf_generate_messages_eus
[  0%] Built target rosgraph_msgs_generate_messages_lisp
[  0%] Built target dynamic_reconfigure_generate_messages_py
[  0%] Built target actionlib_msgs_generate_messages_eus
[  0%] Built target trajectory_msgs_generate_messages_eus
[  0%] Built target roscpp_generate_messages_py
[  0%] Built target rosgraph_msgs_generate_messages_py
[  0%] Built target shape_msgs_generate_messages_nodejs
[  0%] Built target moveit_msgs_generate_messages_eus
[  0%] Built target roscpp_generate_messages_cpp
[  0%] Built target sensor_msgs_generate_messages_lisp
[  0%] Built target visualization_msgs_generate_messages_cpp
[  0%] Built target sensor_msgs_generate_messages_eus
[  0%] Built target roscpp_generate_messages_eus
[  0%] Built target visualization_msgs_generate_messages_lisp
[  0%] Built target visualization_msgs_generate_messages_eus
[  0%] Built target moveit_msgs_generate_messages_py
[  0%] Built target roscpp_generate_messages_nodejs
[  0%] Built target trajectory_msgs_generate_messages_py
[  0%] Built target actionlib_generate_messages_eus
[  0%] Built target rosgraph_msgs_generate_messages_cpp
[  0%] Built target std_srvs_generate_messages_py
[  0%] Built target moveit_ros_planning_gencfg
[  0%] Built target rosgraph_msgs_generate_messages_eus
[  0%] Built target actionlib_generate_messages_nodejs
[  0%] Built target actionlib_generate_messages_py
[  0%] Built target tf_generate_messages_py
[  0%] Built target actionlib_msgs_generate_messages_nodejs
[  0%] Built target actionlib_msgs_generate_messages_lisp
[  0%] Built target trajectory_msgs_generate_messages_lisp
[  0%] Built target shape_msgs_generate_messages_lisp
[  0%] Built target dynamic_reconfigure_generate_messages_cpp
[  0%] Built target dynamic_reconfigure_generate_messages_eus
[  0%] Built target dynamic_reconfigure_gencfg
[  0%] Built target tf2_msgs_generate_messages_cpp
[  0%] Built target dynamic_reconfigure_generate_messages_lisp
[  0%] Built target moveit_msgs_generate_messages_nodejs
[  0%] Built target tf2_msgs_generate_messages_py
[  0%] Built target dynamic_reconfigure_generate_messages_nodejs
[  0%] Built target sensor_msgs_generate_messages_cpp
[  0%] Built target shape_msgs_generate_messages_eus
[  0%] Built target shape_msgs_generate_messages_py
[  0%] Built target visualization_msgs_generate_messages_nodejs
[  0%] Built target visualization_msgs_generate_messages_py
[ 19%] Built target moveit_tutorial_generate_messages_py
[ 33%] Built target moveit_tutorial_generate_messages_nodejs
[ 47%] Built target moveit_tutorial_generate_messages_lisp
[ 61%] Built target moveit_tutorial_generate_messages_cpp
[ 80%] Built target moveit_tutorial_generate_messages_eus
[ 90%] Built target moveit_tutorial_SrvClass_lib
[ 90%] Built target moveit_tutorial_generate_messages
[100%] Built target moveit_tutorial_node
