Symlinking /home/bruce/catkin_ws/devel/lib/libmoveit_tutorial_SrvClass_lib.so
Symlinking /home/bruce/catkin_ws/devel/lib/moveit_tutorial/moveit_tutorial_node
Symlinking /home/bruce/catkin_ws/devel/lib/pkgconfig/moveit_tutorial.pc
Symlinking /home/bruce/catkin_ws/devel/lib/python3/dist-packages/moveit_tutorial/__init__.py
Symlinking /home/bruce/catkin_ws/devel/lib/python3/dist-packages/moveit_tutorial/srv/_set_arm.py
Symlinking /home/bruce/catkin_ws/devel/lib/python3/dist-packages/moveit_tutorial/srv/_set_gripper.py
Symlinking /home/bruce/catkin_ws/devel/lib/python3/dist-packages/moveit_tutorial/srv/__init__.py
Symlinking /home/bruce/catkin_ws/devel/lib/python3/dist-packages/moveit_tutorial/srv/_add_collision.py
Symlinking /home/bruce/catkin_ws/devel/include/moveit_tutorial/add_collisionRequest.h
Symlinking /home/bruce/catkin_ws/devel/include/moveit_tutorial/set_gripperRequest.h
Symlinking /home/bruce/catkin_ws/devel/include/moveit_tutorial/add_collision.h
Symlinking /home/bruce/catkin_ws/devel/include/moveit_tutorial/set_armResponse.h
Symlinking /home/bruce/catkin_ws/devel/include/moveit_tutorial/add_collisionResponse.h
Symlinking /home/bruce/catkin_ws/devel/include/moveit_tutorial/set_armRequest.h
Symlinking /home/bruce/catkin_ws/devel/include/moveit_tutorial/set_gripperResponse.h
Symlinking /home/bruce/catkin_ws/devel/include/moveit_tutorial/set_arm.h
Symlinking /home/bruce/catkin_ws/devel/include/moveit_tutorial/set_gripper.h
Symlinking /home/bruce/catkin_ws/devel/share/roseus/ros/moveit_tutorial/manifest.l
Symlinking /home/bruce/catkin_ws/devel/share/roseus/ros/moveit_tutorial/srv/add_collision.l
Symlinking /home/bruce/catkin_ws/devel/share/roseus/ros/moveit_tutorial/srv/set_gripper.l
Symlinking /home/bruce/catkin_ws/devel/share/roseus/ros/moveit_tutorial/srv/set_arm.l
Symlinking /home/bruce/catkin_ws/devel/share/gennodejs/ros/moveit_tutorial/_index.js
Symlinking /home/bruce/catkin_ws/devel/share/gennodejs/ros/moveit_tutorial/srv/add_collision.js
Symlinking /home/bruce/catkin_ws/devel/share/gennodejs/ros/moveit_tutorial/srv/set_arm.js
Symlinking /home/bruce/catkin_ws/devel/share/gennodejs/ros/moveit_tutorial/srv/set_gripper.js
Symlinking /home/bruce/catkin_ws/devel/share/gennodejs/ros/moveit_tutorial/srv/_index.js
Symlinking /home/bruce/catkin_ws/devel/share/common-lisp/ros/moveit_tutorial/srv/_package_set_arm.lisp
Symlinking /home/bruce/catkin_ws/devel/share/common-lisp/ros/moveit_tutorial/srv/set_arm.lisp
Symlinking /home/bruce/catkin_ws/devel/share/common-lisp/ros/moveit_tutorial/srv/_package_set_gripper.lisp
Symlinking /home/bruce/catkin_ws/devel/share/common-lisp/ros/moveit_tutorial/srv/_package.lisp
Symlinking /home/bruce/catkin_ws/devel/share/common-lisp/ros/moveit_tutorial/srv/_package_add_collision.lisp
Symlinking /home/bruce/catkin_ws/devel/share/common-lisp/ros/moveit_tutorial/srv/set_gripper.lisp
Symlinking /home/bruce/catkin_ws/devel/share/common-lisp/ros/moveit_tutorial/srv/add_collision.lisp
Symlinking /home/bruce/catkin_ws/devel/share/common-lisp/ros/moveit_tutorial/srv/moveit_tutorial-srv.asd
Symlinking /home/bruce/catkin_ws/devel/share/moveit_tutorial/cmake/moveit_tutorialConfig.cmake
Symlinking /home/bruce/catkin_ws/devel/share/moveit_tutorial/cmake/moveit_tutorial-msg-extras.cmake
Symlinking /home/bruce/catkin_ws/devel/share/moveit_tutorial/cmake/moveit_tutorialConfig-version.cmake
Symlinking /home/bruce/catkin_ws/devel/share/moveit_tutorial/cmake/moveit_tutorial-msg-paths.cmake
