Symlinking /home/bruce/catkin_ws/devel/lib/libSrvClass_lib_solution.so
Symlinking /home/bruce/catkin_ws/devel/lib/moveit_solution/moveit_solution_node
Symlinking /home/bruce/catkin_ws/devel/lib/pkgconfig/moveit_solution.pc
Symlinking /home/bruce/catkin_ws/devel/lib/python3/dist-packages/moveit_solution/__init__.py
Symlinking /home/bruce/catkin_ws/devel/lib/python3/dist-packages/moveit_solution/srv/_set_arm.py
Symlinking /home/bruce/catkin_ws/devel/lib/python3/dist-packages/moveit_solution/srv/_set_gripper.py
Symlinking /home/bruce/catkin_ws/devel/lib/python3/dist-packages/moveit_solution/srv/__init__.py
Symlinking /home/bruce/catkin_ws/devel/lib/python3/dist-packages/moveit_solution/srv/_add_collision.py
Symlinking /home/bruce/catkin_ws/devel/lib/python3/dist-packages/moveit_solution/srv/_pick.py
Symlinking /home/bruce/catkin_ws/devel/lib/python3/dist-packages/moveit_solution/srv/_remove_collision.py
Symlinking /home/bruce/catkin_ws/devel/include/moveit_solution/add_collisionRequest.h
Symlinking /home/bruce/catkin_ws/devel/include/moveit_solution/set_gripperRequest.h
Symlinking /home/bruce/catkin_ws/devel/include/moveit_solution/remove_collisionResponse.h
Symlinking /home/bruce/catkin_ws/devel/include/moveit_solution/add_collision.h
Symlinking /home/bruce/catkin_ws/devel/include/moveit_solution/pick.h
Symlinking /home/bruce/catkin_ws/devel/include/moveit_solution/set_armResponse.h
Symlinking /home/bruce/catkin_ws/devel/include/moveit_solution/add_collisionResponse.h
Symlinking /home/bruce/catkin_ws/devel/include/moveit_solution/set_armRequest.h
Symlinking /home/bruce/catkin_ws/devel/include/moveit_solution/remove_collision.h
Symlinking /home/bruce/catkin_ws/devel/include/moveit_solution/pickResponse.h
Symlinking /home/bruce/catkin_ws/devel/include/moveit_solution/set_gripperResponse.h
Symlinking /home/bruce/catkin_ws/devel/include/moveit_solution/pickRequest.h
Symlinking /home/bruce/catkin_ws/devel/include/moveit_solution/set_arm.h
Symlinking /home/bruce/catkin_ws/devel/include/moveit_solution/remove_collisionRequest.h
Symlinking /home/bruce/catkin_ws/devel/include/moveit_solution/set_gripper.h
Symlinking /home/bruce/catkin_ws/devel/share/roseus/ros/moveit_solution/manifest.l
Symlinking /home/bruce/catkin_ws/devel/share/roseus/ros/moveit_solution/srv/add_collision.l
Symlinking /home/bruce/catkin_ws/devel/share/roseus/ros/moveit_solution/srv/remove_collision.l
Symlinking /home/bruce/catkin_ws/devel/share/roseus/ros/moveit_solution/srv/set_gripper.l
Symlinking /home/bruce/catkin_ws/devel/share/roseus/ros/moveit_solution/srv/set_arm.l
Symlinking /home/bruce/catkin_ws/devel/share/roseus/ros/moveit_solution/srv/pick.l
Symlinking /home/bruce/catkin_ws/devel/share/gennodejs/ros/moveit_solution/_index.js
Symlinking /home/bruce/catkin_ws/devel/share/gennodejs/ros/moveit_solution/srv/add_collision.js
Symlinking /home/bruce/catkin_ws/devel/share/gennodejs/ros/moveit_solution/srv/pick.js
Symlinking /home/bruce/catkin_ws/devel/share/gennodejs/ros/moveit_solution/srv/set_arm.js
Symlinking /home/bruce/catkin_ws/devel/share/gennodejs/ros/moveit_solution/srv/set_gripper.js
Symlinking /home/bruce/catkin_ws/devel/share/gennodejs/ros/moveit_solution/srv/remove_collision.js
Symlinking /home/bruce/catkin_ws/devel/share/gennodejs/ros/moveit_solution/srv/_index.js
Symlinking /home/bruce/catkin_ws/devel/share/moveit_solution/cmake/moveit_solutionConfig.cmake
Symlinking /home/bruce/catkin_ws/devel/share/moveit_solution/cmake/moveit_solutionConfig-version.cmake
Symlinking /home/bruce/catkin_ws/devel/share/moveit_solution/cmake/moveit_solution-msg-paths.cmake
Symlinking /home/bruce/catkin_ws/devel/share/moveit_solution/cmake/moveit_solution-msg-extras.cmake
Symlinking /home/bruce/catkin_ws/devel/share/common-lisp/ros/moveit_solution/srv/_package_remove_collision.lisp
Symlinking /home/bruce/catkin_ws/devel/share/common-lisp/ros/moveit_solution/srv/_package_set_arm.lisp
Symlinking /home/bruce/catkin_ws/devel/share/common-lisp/ros/moveit_solution/srv/set_arm.lisp
Symlinking /home/bruce/catkin_ws/devel/share/common-lisp/ros/moveit_solution/srv/_package_set_gripper.lisp
Symlinking /home/bruce/catkin_ws/devel/share/common-lisp/ros/moveit_solution/srv/_package.lisp
Symlinking /home/bruce/catkin_ws/devel/share/common-lisp/ros/moveit_solution/srv/moveit_solution-srv.asd
Symlinking /home/bruce/catkin_ws/devel/share/common-lisp/ros/moveit_solution/srv/pick.lisp
Symlinking /home/bruce/catkin_ws/devel/share/common-lisp/ros/moveit_solution/srv/_package_add_collision.lisp
Symlinking /home/bruce/catkin_ws/devel/share/common-lisp/ros/moveit_solution/srv/_package_pick.lisp
Symlinking /home/bruce/catkin_ws/devel/share/common-lisp/ros/moveit_solution/srv/set_gripper.lisp
Symlinking /home/bruce/catkin_ws/devel/share/common-lisp/ros/moveit_solution/srv/add_collision.lisp
Symlinking /home/bruce/catkin_ws/devel/share/common-lisp/ros/moveit_solution/srv/remove_collision.lisp
