Linked: (/home/bruce/catkin_ws/devel/.private/moveit_solution/lib/libSrvClass_lib_solution.so, /home/bruce/catkin_ws/devel/lib/libSrvClass_lib_solution.so)
Linked: (/home/bruce/catkin_ws/devel/.private/moveit_solution/lib/moveit_solution/moveit_solution_node, /home/bruce/catkin_ws/devel/lib/moveit_solution/moveit_solution_node)
Linked: (/home/bruce/catkin_ws/devel/.private/moveit_solution/lib/pkgconfig/moveit_solution.pc, /home/bruce/catkin_ws/devel/lib/pkgconfig/moveit_solution.pc)
Linked: (/home/bruce/catkin_ws/devel/.private/moveit_solution/lib/python3/dist-packages/moveit_solution/__init__.py, /home/bruce/catkin_ws/devel/lib/python3/dist-packages/moveit_solution/__init__.py)
Linked: (/home/bruce/catkin_ws/devel/.private/moveit_solution/lib/python3/dist-packages/moveit_solution/srv/_set_arm.py, /home/bruce/catkin_ws/devel/lib/python3/dist-packages/moveit_solution/srv/_set_arm.py)
Linked: (/home/bruce/catkin_ws/devel/.private/moveit_solution/lib/python3/dist-packages/moveit_solution/srv/_set_gripper.py, /home/bruce/catkin_ws/devel/lib/python3/dist-packages/moveit_solution/srv/_set_gripper.py)
Linked: (/home/bruce/catkin_ws/devel/.private/moveit_solution/lib/python3/dist-packages/moveit_solution/srv/__init__.py, /home/bruce/catkin_ws/devel/lib/python3/dist-packages/moveit_solution/srv/__init__.py)
Linked: (/home/bruce/catkin_ws/devel/.private/moveit_solution/lib/python3/dist-packages/moveit_solution/srv/_add_collision.py, /home/bruce/catkin_ws/devel/lib/python3/dist-packages/moveit_solution/srv/_add_collision.py)
Linked: (/home/bruce/catkin_ws/devel/.private/moveit_solution/lib/python3/dist-packages/moveit_solution/srv/_pick.py, /home/bruce/catkin_ws/devel/lib/python3/dist-packages/moveit_solution/srv/_pick.py)
Linked: (/home/bruce/catkin_ws/devel/.private/moveit_solution/lib/python3/dist-packages/moveit_solution/srv/_remove_collision.py, /home/bruce/catkin_ws/devel/lib/python3/dist-packages/moveit_solution/srv/_remove_collision.py)
Linked: (/home/bruce/catkin_ws/devel/.private/moveit_solution/include/moveit_solution/add_collisionRequest.h, /home/bruce/catkin_ws/devel/include/moveit_solution/add_collisionRequest.h)
Linked: (/home/bruce/catkin_ws/devel/.private/moveit_solution/include/moveit_solution/set_gripperRequest.h, /home/bruce/catkin_ws/devel/include/moveit_solution/set_gripperRequest.h)
Linked: (/home/bruce/catkin_ws/devel/.private/moveit_solution/include/moveit_solution/remove_collisionResponse.h, /home/bruce/catkin_ws/devel/include/moveit_solution/remove_collisionResponse.h)
Linked: (/home/bruce/catkin_ws/devel/.private/moveit_solution/include/moveit_solution/add_collision.h, /home/bruce/catkin_ws/devel/include/moveit_solution/add_collision.h)
Linked: (/home/bruce/catkin_ws/devel/.private/moveit_solution/include/moveit_solution/pick.h, /home/bruce/catkin_ws/devel/include/moveit_solution/pick.h)
Linked: (/home/bruce/catkin_ws/devel/.private/moveit_solution/include/moveit_solution/set_armResponse.h, /home/bruce/catkin_ws/devel/include/moveit_solution/set_armResponse.h)
Linked: (/home/bruce/catkin_ws/devel/.private/moveit_solution/include/moveit_solution/add_collisionResponse.h, /home/bruce/catkin_ws/devel/include/moveit_solution/add_collisionResponse.h)
Linked: (/home/bruce/catkin_ws/devel/.private/moveit_solution/include/moveit_solution/set_armRequest.h, /home/bruce/catkin_ws/devel/include/moveit_solution/set_armRequest.h)
Linked: (/home/bruce/catkin_ws/devel/.private/moveit_solution/include/moveit_solution/remove_collision.h, /home/bruce/catkin_ws/devel/include/moveit_solution/remove_collision.h)
Linked: (/home/bruce/catkin_ws/devel/.private/moveit_solution/include/moveit_solution/pickResponse.h, /home/bruce/catkin_ws/devel/include/moveit_solution/pickResponse.h)
Linked: (/home/bruce/catkin_ws/devel/.private/moveit_solution/include/moveit_solution/set_gripperResponse.h, /home/bruce/catkin_ws/devel/include/moveit_solution/set_gripperResponse.h)
Linked: (/home/bruce/catkin_ws/devel/.private/moveit_solution/include/moveit_solution/pickRequest.h, /home/bruce/catkin_ws/devel/include/moveit_solution/pickRequest.h)
Linked: (/home/bruce/catkin_ws/devel/.private/moveit_solution/include/moveit_solution/set_arm.h, /home/bruce/catkin_ws/devel/include/moveit_solution/set_arm.h)
Linked: (/home/bruce/catkin_ws/devel/.private/moveit_solution/include/moveit_solution/remove_collisionRequest.h, /home/bruce/catkin_ws/devel/include/moveit_solution/remove_collisionRequest.h)
Linked: (/home/bruce/catkin_ws/devel/.private/moveit_solution/include/moveit_solution/set_gripper.h, /home/bruce/catkin_ws/devel/include/moveit_solution/set_gripper.h)
Linked: (/home/bruce/catkin_ws/devel/.private/moveit_solution/share/roseus/ros/moveit_solution/manifest.l, /home/bruce/catkin_ws/devel/share/roseus/ros/moveit_solution/manifest.l)
Linked: (/home/bruce/catkin_ws/devel/.private/moveit_solution/share/roseus/ros/moveit_solution/srv/add_collision.l, /home/bruce/catkin_ws/devel/share/roseus/ros/moveit_solution/srv/add_collision.l)
Linked: (/home/bruce/catkin_ws/devel/.private/moveit_solution/share/roseus/ros/moveit_solution/srv/remove_collision.l, /home/bruce/catkin_ws/devel/share/roseus/ros/moveit_solution/srv/remove_collision.l)
Linked: (/home/bruce/catkin_ws/devel/.private/moveit_solution/share/roseus/ros/moveit_solution/srv/set_gripper.l, /home/bruce/catkin_ws/devel/share/roseus/ros/moveit_solution/srv/set_gripper.l)
Linked: (/home/bruce/catkin_ws/devel/.private/moveit_solution/share/roseus/ros/moveit_solution/srv/set_arm.l, /home/bruce/catkin_ws/devel/share/roseus/ros/moveit_solution/srv/set_arm.l)
Linked: (/home/bruce/catkin_ws/devel/.private/moveit_solution/share/roseus/ros/moveit_solution/srv/pick.l, /home/bruce/catkin_ws/devel/share/roseus/ros/moveit_solution/srv/pick.l)
Linked: (/home/bruce/catkin_ws/devel/.private/moveit_solution/share/gennodejs/ros/moveit_solution/_index.js, /home/bruce/catkin_ws/devel/share/gennodejs/ros/moveit_solution/_index.js)
Linked: (/home/bruce/catkin_ws/devel/.private/moveit_solution/share/gennodejs/ros/moveit_solution/srv/add_collision.js, /home/bruce/catkin_ws/devel/share/gennodejs/ros/moveit_solution/srv/add_collision.js)
Linked: (/home/bruce/catkin_ws/devel/.private/moveit_solution/share/gennodejs/ros/moveit_solution/srv/pick.js, /home/bruce/catkin_ws/devel/share/gennodejs/ros/moveit_solution/srv/pick.js)
Linked: (/home/bruce/catkin_ws/devel/.private/moveit_solution/share/gennodejs/ros/moveit_solution/srv/set_arm.js, /home/bruce/catkin_ws/devel/share/gennodejs/ros/moveit_solution/srv/set_arm.js)
Linked: (/home/bruce/catkin_ws/devel/.private/moveit_solution/share/gennodejs/ros/moveit_solution/srv/set_gripper.js, /home/bruce/catkin_ws/devel/share/gennodejs/ros/moveit_solution/srv/set_gripper.js)
Linked: (/home/bruce/catkin_ws/devel/.private/moveit_solution/share/gennodejs/ros/moveit_solution/srv/remove_collision.js, /home/bruce/catkin_ws/devel/share/gennodejs/ros/moveit_solution/srv/remove_collision.js)
Linked: (/home/bruce/catkin_ws/devel/.private/moveit_solution/share/gennodejs/ros/moveit_solution/srv/_index.js, /home/bruce/catkin_ws/devel/share/gennodejs/ros/moveit_solution/srv/_index.js)
Linked: (/home/bruce/catkin_ws/devel/.private/moveit_solution/share/moveit_solution/cmake/moveit_solutionConfig.cmake, /home/bruce/catkin_ws/devel/share/moveit_solution/cmake/moveit_solutionConfig.cmake)
Linked: (/home/bruce/catkin_ws/devel/.private/moveit_solution/share/moveit_solution/cmake/moveit_solutionConfig-version.cmake, /home/bruce/catkin_ws/devel/share/moveit_solution/cmake/moveit_solutionConfig-version.cmake)
Linked: (/home/bruce/catkin_ws/devel/.private/moveit_solution/share/moveit_solution/cmake/moveit_solution-msg-paths.cmake, /home/bruce/catkin_ws/devel/share/moveit_solution/cmake/moveit_solution-msg-paths.cmake)
Linked: (/home/bruce/catkin_ws/devel/.private/moveit_solution/share/moveit_solution/cmake/moveit_solution-msg-extras.cmake, /home/bruce/catkin_ws/devel/share/moveit_solution/cmake/moveit_solution-msg-extras.cmake)
Linked: (/home/bruce/catkin_ws/devel/.private/moveit_solution/share/common-lisp/ros/moveit_solution/srv/_package_remove_collision.lisp, /home/bruce/catkin_ws/devel/share/common-lisp/ros/moveit_solution/srv/_package_remove_collision.lisp)
Linked: (/home/bruce/catkin_ws/devel/.private/moveit_solution/share/common-lisp/ros/moveit_solution/srv/_package_set_arm.lisp, /home/bruce/catkin_ws/devel/share/common-lisp/ros/moveit_solution/srv/_package_set_arm.lisp)
Linked: (/home/bruce/catkin_ws/devel/.private/moveit_solution/share/common-lisp/ros/moveit_solution/srv/set_arm.lisp, /home/bruce/catkin_ws/devel/share/common-lisp/ros/moveit_solution/srv/set_arm.lisp)
Linked: (/home/bruce/catkin_ws/devel/.private/moveit_solution/share/common-lisp/ros/moveit_solution/srv/_package_set_gripper.lisp, /home/bruce/catkin_ws/devel/share/common-lisp/ros/moveit_solution/srv/_package_set_gripper.lisp)
Linked: (/home/bruce/catkin_ws/devel/.private/moveit_solution/share/common-lisp/ros/moveit_solution/srv/_package.lisp, /home/bruce/catkin_ws/devel/share/common-lisp/ros/moveit_solution/srv/_package.lisp)
Linked: (/home/bruce/catkin_ws/devel/.private/moveit_solution/share/common-lisp/ros/moveit_solution/srv/moveit_solution-srv.asd, /home/bruce/catkin_ws/devel/share/common-lisp/ros/moveit_solution/srv/moveit_solution-srv.asd)
Linked: (/home/bruce/catkin_ws/devel/.private/moveit_solution/share/common-lisp/ros/moveit_solution/srv/pick.lisp, /home/bruce/catkin_ws/devel/share/common-lisp/ros/moveit_solution/srv/pick.lisp)
Linked: (/home/bruce/catkin_ws/devel/.private/moveit_solution/share/common-lisp/ros/moveit_solution/srv/_package_add_collision.lisp, /home/bruce/catkin_ws/devel/share/common-lisp/ros/moveit_solution/srv/_package_add_collision.lisp)
Linked: (/home/bruce/catkin_ws/devel/.private/moveit_solution/share/common-lisp/ros/moveit_solution/srv/_package_pick.lisp, /home/bruce/catkin_ws/devel/share/common-lisp/ros/moveit_solution/srv/_package_pick.lisp)
Linked: (/home/bruce/catkin_ws/devel/.private/moveit_solution/share/common-lisp/ros/moveit_solution/srv/set_gripper.lisp, /home/bruce/catkin_ws/devel/share/common-lisp/ros/moveit_solution/srv/set_gripper.lisp)
Linked: (/home/bruce/catkin_ws/devel/.private/moveit_solution/share/common-lisp/ros/moveit_solution/srv/add_collision.lisp, /home/bruce/catkin_ws/devel/share/common-lisp/ros/moveit_solution/srv/add_collision.lisp)
Linked: (/home/bruce/catkin_ws/devel/.private/moveit_solution/share/common-lisp/ros/moveit_solution/srv/remove_collision.lisp, /home/bruce/catkin_ws/devel/share/common-lisp/ros/moveit_solution/srv/remove_collision.lisp)
