Linked: (/home/bruce/catkin_ws/devel/.private/cw3_team_14/lib/libcw3_team_14_cw3_class_lib.so, /home/bruce/catkin_ws/devel/lib/libcw3_team_14_cw3_class_lib.so)
Linked: (/home/bruce/catkin_ws/devel/.private/cw3_team_14/lib/cw3_team_14/cw3_solution_node, /home/bruce/catkin_ws/devel/lib/cw3_team_14/cw3_solution_node)
Linked: (/home/bruce/catkin_ws/devel/.private/cw3_team_14/lib/pkgconfig/cw3_team_14.pc, /home/bruce/catkin_ws/devel/lib/pkgconfig/cw3_team_14.pc)
Linked: (/home/bruce/catkin_ws/devel/.private/cw3_team_14/lib/python3/dist-packages/cw3_team_14/__init__.py, /home/bruce/catkin_ws/devel/lib/python3/dist-packages/cw3_team_14/__init__.py)
Linked: (/home/bruce/catkin_ws/devel/.private/cw3_team_14/lib/python3/dist-packages/cw3_team_14/srv/_set_arm.py, /home/bruce/catkin_ws/devel/lib/python3/dist-packages/cw3_team_14/srv/_set_arm.py)
Linked: (/home/bruce/catkin_ws/devel/.private/cw3_team_14/lib/python3/dist-packages/cw3_team_14/srv/_set_gripper.py, /home/bruce/catkin_ws/devel/lib/python3/dist-packages/cw3_team_14/srv/_set_gripper.py)
Linked: (/home/bruce/catkin_ws/devel/.private/cw3_team_14/lib/python3/dist-packages/cw3_team_14/srv/__init__.py, /home/bruce/catkin_ws/devel/lib/python3/dist-packages/cw3_team_14/srv/__init__.py)
Linked: (/home/bruce/catkin_ws/devel/.private/cw3_team_14/lib/python3/dist-packages/cw3_team_14/srv/_example.py, /home/bruce/catkin_ws/devel/lib/python3/dist-packages/cw3_team_14/srv/_example.py)
Linked: (/home/bruce/catkin_ws/devel/.private/cw3_team_14/include/cw3_team_14/exampleResponse.h, /home/bruce/catkin_ws/devel/include/cw3_team_14/exampleResponse.h)
Linked: (/home/bruce/catkin_ws/devel/.private/cw3_team_14/include/cw3_team_14/example.h, /home/bruce/catkin_ws/devel/include/cw3_team_14/example.h)
Linked: (/home/bruce/catkin_ws/devel/.private/cw3_team_14/include/cw3_team_14/set_gripperRequest.h, /home/bruce/catkin_ws/devel/include/cw3_team_14/set_gripperRequest.h)
Linked: (/home/bruce/catkin_ws/devel/.private/cw3_team_14/include/cw3_team_14/set_armResponse.h, /home/bruce/catkin_ws/devel/include/cw3_team_14/set_armResponse.h)
Linked: (/home/bruce/catkin_ws/devel/.private/cw3_team_14/include/cw3_team_14/exampleRequest.h, /home/bruce/catkin_ws/devel/include/cw3_team_14/exampleRequest.h)
Linked: (/home/bruce/catkin_ws/devel/.private/cw3_team_14/include/cw3_team_14/set_armRequest.h, /home/bruce/catkin_ws/devel/include/cw3_team_14/set_armRequest.h)
Linked: (/home/bruce/catkin_ws/devel/.private/cw3_team_14/include/cw3_team_14/set_gripperResponse.h, /home/bruce/catkin_ws/devel/include/cw3_team_14/set_gripperResponse.h)
Linked: (/home/bruce/catkin_ws/devel/.private/cw3_team_14/include/cw3_team_14/set_arm.h, /home/bruce/catkin_ws/devel/include/cw3_team_14/set_arm.h)
Linked: (/home/bruce/catkin_ws/devel/.private/cw3_team_14/include/cw3_team_14/set_gripper.h, /home/bruce/catkin_ws/devel/include/cw3_team_14/set_gripper.h)
Linked: (/home/bruce/catkin_ws/devel/.private/cw3_team_14/share/roseus/ros/cw3_team_14/manifest.l, /home/bruce/catkin_ws/devel/share/roseus/ros/cw3_team_14/manifest.l)
Linked: (/home/bruce/catkin_ws/devel/.private/cw3_team_14/share/roseus/ros/cw3_team_14/srv/example.l, /home/bruce/catkin_ws/devel/share/roseus/ros/cw3_team_14/srv/example.l)
Linked: (/home/bruce/catkin_ws/devel/.private/cw3_team_14/share/roseus/ros/cw3_team_14/srv/set_gripper.l, /home/bruce/catkin_ws/devel/share/roseus/ros/cw3_team_14/srv/set_gripper.l)
Linked: (/home/bruce/catkin_ws/devel/.private/cw3_team_14/share/roseus/ros/cw3_team_14/srv/set_arm.l, /home/bruce/catkin_ws/devel/share/roseus/ros/cw3_team_14/srv/set_arm.l)
Linked: (/home/bruce/catkin_ws/devel/.private/cw3_team_14/share/gennodejs/ros/cw3_team_14/_index.js, /home/bruce/catkin_ws/devel/share/gennodejs/ros/cw3_team_14/_index.js)
Linked: (/home/bruce/catkin_ws/devel/.private/cw3_team_14/share/gennodejs/ros/cw3_team_14/srv/set_arm.js, /home/bruce/catkin_ws/devel/share/gennodejs/ros/cw3_team_14/srv/set_arm.js)
Linked: (/home/bruce/catkin_ws/devel/.private/cw3_team_14/share/gennodejs/ros/cw3_team_14/srv/set_gripper.js, /home/bruce/catkin_ws/devel/share/gennodejs/ros/cw3_team_14/srv/set_gripper.js)
Linked: (/home/bruce/catkin_ws/devel/.private/cw3_team_14/share/gennodejs/ros/cw3_team_14/srv/example.js, /home/bruce/catkin_ws/devel/share/gennodejs/ros/cw3_team_14/srv/example.js)
Linked: (/home/bruce/catkin_ws/devel/.private/cw3_team_14/share/gennodejs/ros/cw3_team_14/srv/_index.js, /home/bruce/catkin_ws/devel/share/gennodejs/ros/cw3_team_14/srv/_index.js)
Linked: (/home/bruce/catkin_ws/devel/.private/cw3_team_14/share/cw3_team_14/cmake/cw3_team_14Config-version.cmake, /home/bruce/catkin_ws/devel/share/cw3_team_14/cmake/cw3_team_14Config-version.cmake)
Linked: (/home/bruce/catkin_ws/devel/.private/cw3_team_14/share/cw3_team_14/cmake/cw3_team_14-msg-extras.cmake, /home/bruce/catkin_ws/devel/share/cw3_team_14/cmake/cw3_team_14-msg-extras.cmake)
Linked: (/home/bruce/catkin_ws/devel/.private/cw3_team_14/share/cw3_team_14/cmake/cw3_team_14-msg-paths.cmake, /home/bruce/catkin_ws/devel/share/cw3_team_14/cmake/cw3_team_14-msg-paths.cmake)
Linked: (/home/bruce/catkin_ws/devel/.private/cw3_team_14/share/cw3_team_14/cmake/cw3_team_14Config.cmake, /home/bruce/catkin_ws/devel/share/cw3_team_14/cmake/cw3_team_14Config.cmake)
Linked: (/home/bruce/catkin_ws/devel/.private/cw3_team_14/share/common-lisp/ros/cw3_team_14/srv/_package_set_arm.lisp, /home/bruce/catkin_ws/devel/share/common-lisp/ros/cw3_team_14/srv/_package_set_arm.lisp)
Linked: (/home/bruce/catkin_ws/devel/.private/cw3_team_14/share/common-lisp/ros/cw3_team_14/srv/set_arm.lisp, /home/bruce/catkin_ws/devel/share/common-lisp/ros/cw3_team_14/srv/set_arm.lisp)
Linked: (/home/bruce/catkin_ws/devel/.private/cw3_team_14/share/common-lisp/ros/cw3_team_14/srv/example.lisp, /home/bruce/catkin_ws/devel/share/common-lisp/ros/cw3_team_14/srv/example.lisp)
Linked: (/home/bruce/catkin_ws/devel/.private/cw3_team_14/share/common-lisp/ros/cw3_team_14/srv/_package_set_gripper.lisp, /home/bruce/catkin_ws/devel/share/common-lisp/ros/cw3_team_14/srv/_package_set_gripper.lisp)
Linked: (/home/bruce/catkin_ws/devel/.private/cw3_team_14/share/common-lisp/ros/cw3_team_14/srv/_package_example.lisp, /home/bruce/catkin_ws/devel/share/common-lisp/ros/cw3_team_14/srv/_package_example.lisp)
Linked: (/home/bruce/catkin_ws/devel/.private/cw3_team_14/share/common-lisp/ros/cw3_team_14/srv/_package.lisp, /home/bruce/catkin_ws/devel/share/common-lisp/ros/cw3_team_14/srv/_package.lisp)
Linked: (/home/bruce/catkin_ws/devel/.private/cw3_team_14/share/common-lisp/ros/cw3_team_14/srv/cw3_team_14-srv.asd, /home/bruce/catkin_ws/devel/share/common-lisp/ros/cw3_team_14/srv/cw3_team_14-srv.asd)
Linked: (/home/bruce/catkin_ws/devel/.private/cw3_team_14/share/common-lisp/ros/cw3_team_14/srv/set_gripper.lisp, /home/bruce/catkin_ws/devel/share/common-lisp/ros/cw3_team_14/srv/set_gripper.lisp)
