Symlinking /home/bruce/catkin_ws/devel/lib/libcw3_team_14_cw3_class_lib.so
Symlinking /home/bruce/catkin_ws/devel/lib/cw3_team_14/cw3_solution_node
Symlinking /home/bruce/catkin_ws/devel/lib/pkgconfig/cw3_team_14.pc
Symlinking /home/bruce/catkin_ws/devel/lib/python3/dist-packages/cw3_team_14/__init__.py
Symlinking /home/bruce/catkin_ws/devel/lib/python3/dist-packages/cw3_team_14/srv/_set_arm.py
Symlinking /home/bruce/catkin_ws/devel/lib/python3/dist-packages/cw3_team_14/srv/_set_gripper.py
Symlinking /home/bruce/catkin_ws/devel/lib/python3/dist-packages/cw3_team_14/srv/__init__.py
Symlinking /home/bruce/catkin_ws/devel/lib/python3/dist-packages/cw3_team_14/srv/_example.py
Symlinking /home/bruce/catkin_ws/devel/include/cw3_team_14/exampleResponse.h
Symlinking /home/bruce/catkin_ws/devel/include/cw3_team_14/example.h
Symlinking /home/bruce/catkin_ws/devel/include/cw3_team_14/set_gripperRequest.h
Symlinking /home/bruce/catkin_ws/devel/include/cw3_team_14/set_armResponse.h
Symlinking /home/bruce/catkin_ws/devel/include/cw3_team_14/exampleRequest.h
Symlinking /home/bruce/catkin_ws/devel/include/cw3_team_14/set_armRequest.h
Symlinking /home/bruce/catkin_ws/devel/include/cw3_team_14/set_gripperResponse.h
Symlinking /home/bruce/catkin_ws/devel/include/cw3_team_14/set_arm.h
Symlinking /home/bruce/catkin_ws/devel/include/cw3_team_14/set_gripper.h
Symlinking /home/bruce/catkin_ws/devel/share/roseus/ros/cw3_team_14/manifest.l
Symlinking /home/bruce/catkin_ws/devel/share/roseus/ros/cw3_team_14/srv/example.l
Symlinking /home/bruce/catkin_ws/devel/share/roseus/ros/cw3_team_14/srv/set_gripper.l
Symlinking /home/bruce/catkin_ws/devel/share/roseus/ros/cw3_team_14/srv/set_arm.l
Symlinking /home/bruce/catkin_ws/devel/share/gennodejs/ros/cw3_team_14/_index.js
Symlinking /home/bruce/catkin_ws/devel/share/gennodejs/ros/cw3_team_14/srv/set_arm.js
Symlinking /home/bruce/catkin_ws/devel/share/gennodejs/ros/cw3_team_14/srv/set_gripper.js
Symlinking /home/bruce/catkin_ws/devel/share/gennodejs/ros/cw3_team_14/srv/example.js
Symlinking /home/bruce/catkin_ws/devel/share/gennodejs/ros/cw3_team_14/srv/_index.js
Symlinking /home/bruce/catkin_ws/devel/share/cw3_team_14/cmake/cw3_team_14Config-version.cmake
Symlinking /home/bruce/catkin_ws/devel/share/cw3_team_14/cmake/cw3_team_14-msg-extras.cmake
Symlinking /home/bruce/catkin_ws/devel/share/cw3_team_14/cmake/cw3_team_14-msg-paths.cmake
Symlinking /home/bruce/catkin_ws/devel/share/cw3_team_14/cmake/cw3_team_14Config.cmake
Symlinking /home/bruce/catkin_ws/devel/share/common-lisp/ros/cw3_team_14/srv/_package_set_arm.lisp
Symlinking /home/bruce/catkin_ws/devel/share/common-lisp/ros/cw3_team_14/srv/set_arm.lisp
Symlinking /home/bruce/catkin_ws/devel/share/common-lisp/ros/cw3_team_14/srv/example.lisp
Symlinking /home/bruce/catkin_ws/devel/share/common-lisp/ros/cw3_team_14/srv/_package_set_gripper.lisp
Symlinking /home/bruce/catkin_ws/devel/share/common-lisp/ros/cw3_team_14/srv/_package_example.lisp
Symlinking /home/bruce/catkin_ws/devel/share/common-lisp/ros/cw3_team_14/srv/_package.lisp
Symlinking /home/bruce/catkin_ws/devel/share/common-lisp/ros/cw3_team_14/srv/cw3_team_14-srv.asd
Symlinking /home/bruce/catkin_ws/devel/share/common-lisp/ros/cw3_team_14/srv/set_gripper.lisp
