[ 50%] Built target pcl_tutorial_lib
[ 50%] Built target moveit_msgs_generate_messages_cpp
[ 50%] Built target topic_tools_generate_messages_lisp
[ 50%] Built target topic_tools_generate_messages_eus
[ 50%] Built target pcl_msgs_generate_messages_py
[ 50%] Built target pcl_msgs_generate_messages_nodejs
[ 50%] Built target pcl_msgs_generate_messages_lisp
[ 50%] Built target pcl_msgs_generate_messages_eus
[ 50%] Built target pcl_msgs_generate_messages_cpp
[ 50%] Built target bond_generate_messages_py
[ 50%] Built target bond_generate_messages_lisp
[ 50%] Built target bond_generate_messages_eus
[ 50%] Built target nodelet_generate_messages_nodejs
[ 50%] Built target nodelet_generate_messages_eus
[ 50%] Built target nodelet_generate_messages_cpp
[ 50%] Built target pcl_ros_gencfg
[ 50%] Built target nodelet_generate_messages_py
[ 50%] Built target std_srvs_generate_messages_nodejs
[ 50%] Built target std_srvs_generate_messages_lisp
[ 50%] Built target std_srvs_generate_messages_eus
[ 50%] Built target tf_generate_messages_nodejs
[ 50%] Built target tf_generate_messages_lisp
[ 50%] Built target tf_generate_messages_cpp
[ 50%] Built target tf2_msgs_generate_messages_lisp
[ 50%] Built target bond_generate_messages_nodejs
[ 50%] Built target octomap_msgs_generate_messages_py
[ 50%] Built target octomap_msgs_generate_messages_nodejs
[ 50%] Built target octomap_msgs_generate_messages_lisp
[ 50%] Built target octomap_msgs_generate_messages_cpp
[ 50%] Built target object_recognition_msgs_generate_messages_nodejs
[ 50%] Built target object_recognition_msgs_generate_messages_lisp
[ 50%] Built target object_recognition_msgs_generate_messages_eus
[ 50%] Built target octomap_msgs_generate_messages_eus
[ 50%] Built target object_recognition_msgs_generate_messages_cpp
[ 50%] Built target trajectory_msgs_generate_messages_nodejs
[ 50%] Built target trajectory_msgs_generate_messages_cpp
[ 50%] Built target tf2_msgs_generate_messages_eus
[ 50%] Built target sensor_msgs_generate_messages_py
[ 50%] Built target sensor_msgs_generate_messages_nodejs
[ 50%] Built target actionlib_msgs_generate_messages_cpp
[ 50%] Built target geometry_msgs_generate_messages_eus
[ 50%] Built target nodelet_generate_messages_lisp
[ 50%] Built target std_msgs_generate_messages_nodejs
[ 50%] Built target std_msgs_generate_messages_py
[ 50%] Built target std_msgs_generate_messages_cpp
[ 50%] Built target object_recognition_msgs_generate_messages_py
[ 50%] Built target rosgraph_msgs_generate_messages_nodejs
[ 50%] Built target actionlib_generate_messages_cpp
[ 50%] Built target actionlib_msgs_generate_messages_py
[ 50%] Built target actionlib_generate_messages_lisp
[ 50%] Built target roscpp_generate_messages_lisp
[ 50%] Built target moveit_ros_manipulation_gencfg
[ 50%] Built target shape_msgs_generate_messages_cpp
[ 50%] Built target std_msgs_generate_messages_lisp
[ 50%] Built target tf2_msgs_generate_messages_nodejs
[ 50%] Built target moveit_msgs_generate_messages_lisp
[ 50%] Built target std_srvs_generate_messages_cpp
[ 50%] Built target tf_generate_messages_eus
[ 50%] Built target rosgraph_msgs_generate_messages_lisp
[ 50%] Built target dynamic_reconfigure_generate_messages_py
[ 50%] Built target actionlib_msgs_generate_messages_eus
[ 50%] Built target trajectory_msgs_generate_messages_eus
[ 50%] Built target roscpp_generate_messages_py
[ 50%] Built target shape_msgs_generate_messages_nodejs
[ 50%] Built target rosgraph_msgs_generate_messages_py
[ 50%] Built target geometry_msgs_generate_messages_py
[ 50%] Built target moveit_msgs_generate_messages_eus
[ 50%] Built target topic_tools_generate_messages_py
[ 50%] Built target roscpp_generate_messages_cpp
[ 50%] Built target nodelet_topic_tools_gencfg
[ 50%] Built target sensor_msgs_generate_messages_lisp
[ 50%] Built target visualization_msgs_generate_messages_cpp
[ 50%] Built target sensor_msgs_generate_messages_eus
[ 50%] Built target roscpp_generate_messages_eus
[ 50%] Built target visualization_msgs_generate_messages_lisp
[ 50%] Built target geometry_msgs_generate_messages_cpp
[ 50%] Built target moveit_msgs_generate_messages_py
[ 50%] Built target visualization_msgs_generate_messages_eus
[ 50%] Built target roscpp_generate_messages_nodejs
[ 50%] Built target geometry_msgs_generate_messages_lisp
[ 50%] Built target trajectory_msgs_generate_messages_py
[ 50%] Built target actionlib_generate_messages_eus
[ 50%] Built target rosgraph_msgs_generate_messages_cpp
[ 50%] Built target std_srvs_generate_messages_py
[ 50%] Built target moveit_ros_planning_gencfg
[ 50%] Built target rosgraph_msgs_generate_messages_eus
[ 50%] Built target actionlib_generate_messages_nodejs
[ 50%] Built target actionlib_generate_messages_py
[ 50%] Built target tf_generate_messages_py
[ 50%] Built target std_msgs_generate_messages_eus
[ 50%] Built target actionlib_msgs_generate_messages_nodejs
[ 50%] Built target actionlib_msgs_generate_messages_lisp
[ 50%] Built target trajectory_msgs_generate_messages_lisp
[ 50%] Built target shape_msgs_generate_messages_lisp
[ 50%] Built target dynamic_reconfigure_generate_messages_cpp
[ 50%] Built target geometry_msgs_generate_messages_nodejs
[ 50%] Built target dynamic_reconfigure_gencfg
[ 50%] Built target dynamic_reconfigure_generate_messages_eus
[ 50%] Built target tf2_msgs_generate_messages_cpp
[ 50%] Built target dynamic_reconfigure_generate_messages_lisp
[ 50%] Built target topic_tools_generate_messages_nodejs
[ 50%] Built target moveit_msgs_generate_messages_nodejs
[ 50%] Built target bond_generate_messages_cpp
[ 50%] Built target tf2_msgs_generate_messages_py
[ 50%] Built target dynamic_reconfigure_generate_messages_nodejs
[ 50%] Built target sensor_msgs_generate_messages_cpp
[ 50%] Built target shape_msgs_generate_messages_eus
[ 50%] Built target shape_msgs_generate_messages_py
[ 50%] Built target topic_tools_generate_messages_cpp
[ 50%] Built target visualization_msgs_generate_messages_nodejs
[ 50%] Built target visualization_msgs_generate_messages_py
[100%] Built target pcl_tutorial_node
